<?xml version="1.0" encoding="UTF-8"?>
<!-- Generated by org.testng.reporters.JUnitXMLReporter -->
<testsuite hostname="LAPTOP-VC35D2RP" ignored="9" name="Test(failed)" tests="1" failures="1" timestamp="07 Mar 2020 18:37:44 GMT" time="44.147" errors="0">
  <testcase name="deleteuser" time="25.788" classname="com.actitime.scripts.UserTest">
    <failure type="org.openqa.selenium.NoSuchElementException" message="no such element: Unable to locate element: {&amp;quot;method&amp;quot;:&amp;quot;link text&amp;quot;,&amp;quot;selector&amp;quot;:&amp;quot;Devgan, Ajay (Ajay_Dev)&amp;quot;}
  (Session info: chrome=79.0.3945.130)
For documentation on this error, please visit: https://www.seleniumhq.org/exceptions/no_such_element.html
Build info: version: &amp;apos;3.141.59&amp;apos;, revision: &amp;apos;e82be7d358&amp;apos;, time: &amp;apos;2018-11-14T08:25:53&amp;apos;
System info: host: &amp;apos;LAPTOP-VC35D2RP&amp;apos;, ip: &amp;apos;127.0.0.1&amp;apos;, os.name: &amp;apos;Windows 10&amp;apos;, os.arch: &amp;apos;amd64&amp;apos;, os.version: &amp;apos;10.0&amp;apos;, java.version: &amp;apos;1.8.0_241&amp;apos;
Driver info: org.openqa.selenium.chrome.ChromeDriver
Capabilities {acceptInsecureCerts: false, browserName: chrome, browserVersion: 79.0.3945.130, chrome: {chromedriverVersion: 79.0.3945.36 (3582db32b3389..., userDataDir: C:\Users\salmank\AppData\Lo...}, goog:chromeOptions: {debuggerAddress: localhost:51485}, javascriptEnabled: true, networkConnectionEnabled: false, pageLoadStrategy: normal, platform: WINDOWS, platformName: WINDOWS, proxy: Proxy(), setWindowRect: true, strictFileInteractability: false, timeouts: {implicit: 0, pageLoad: 300000, script: 30000}, unhandledPromptBehavior: dismiss and notify}
Session ID: e6d1e790e6422dc370b8b07f3a057a56
*** Element info: {Using=link text, value=Devgan, Ajay (Ajay_Dev)}">
      <![CDATA[org.openqa.selenium.NoSuchElementException: no such element: Unable to locate element: {"method":"link text","selector":"Devgan, Ajay (Ajay_Dev)"}
  (Session info: chrome=79.0.3945.130)
For documentation on this error, please visit: https://www.seleniumhq.org/exceptions/no_such_element.html
Build info: version: '3.141.59', revision: 'e82be7d358', time: '2018-11-14T08:25:53'
System info: host: 'LAPTOP-VC35D2RP', ip: '127.0.0.1', os.name: 'Windows 10', os.arch: 'amd64', os.version: '10.0', java.version: '1.8.0_241'
Driver info: org.openqa.selenium.chrome.ChromeDriver
Capabilities {acceptInsecureCerts: false, browserName: chrome, browserVersion: 79.0.3945.130, chrome: {chromedriverVersion: 79.0.3945.36 (3582db32b3389..., userDataDir: C:\Users\salmank\AppData\Lo...}, goog:chromeOptions: {debuggerAddress: localhost:51485}, javascriptEnabled: true, networkConnectionEnabled: false, pageLoadStrategy: normal, platform: WINDOWS, platformName: WINDOWS, proxy: Proxy(), setWindowRect: true, strictFileInteractability: false, timeouts: {implicit: 0, pageLoad: 300000, script: 30000}, unhandledPromptBehavior: dismiss and notify}
Session ID: e6d1e790e6422dc370b8b07f3a057a56
*** Element info: {Using=link text, value=Devgan, Ajay (Ajay_Dev)}
	at org.openqa.selenium.remote.http.W3CHttpResponseCodec.createException(W3CHttpResponseCodec.java:187)
	at org.openqa.selenium.remote.http.W3CHttpResponseCodec.decode(W3CHttpResponseCodec.java:122)
	at org.openqa.selenium.remote.http.W3CHttpResponseCodec.decode(W3CHttpResponseCodec.java:49)
	at org.openqa.selenium.remote.HttpCommandExecutor.execute(HttpCommandExecutor.java:158)
	at org.openqa.selenium.remote.service.DriverCommandExecutor.execute(DriverCommandExecutor.java:83)
	at org.openqa.selenium.remote.RemoteWebDriver.execute(RemoteWebDriver.java:552)
	at org.openqa.selenium.remote.RemoteWebDriver.findElement(RemoteWebDriver.java:323)
	at org.openqa.selenium.remote.RemoteWebDriver.findElementByLinkText(RemoteWebDriver.java:380)
	at org.openqa.selenium.By$ByLinkText.findElement(By.java:220)
	at org.openqa.selenium.remote.RemoteWebDriver.findElement(RemoteWebDriver.java:315)
	at org.openqa.selenium.support.pagefactory.DefaultElementLocator.findElement(DefaultElementLocator.java:69)
	at org.openqa.selenium.support.pagefactory.internal.LocatingElementHandler.invoke(LocatingElementHandler.java:38)
	at com.sun.proxy.$Proxy10.click(Unknown Source)
	at com.actitime.features.UserFeatures.deleteuser(UserFeatures.java:45)
	at com.actitime.scripts.UserTest.deleteuser(UserTest.java:37)
... Removed 29 stack frames]]>
    </failure>
  </testcase> <!-- deleteuser -->
  <testcase name="invalidlogin" time="0.0" classname="com.actitime.scripts.LoginTest">
    <ignored/>
  </testcase> <!-- invalidlogin -->
  <testcase name="createTask" time="0.0" classname="com.actitime.scripts.CreateNewTaskTest">
    <ignored/>
  </testcase> <!-- createTask -->
  <testcase name="validLogin" time="0.0" classname="com.actitime.scripts.LoginTest">
    <ignored/>
  </testcase> <!-- validLogin -->
  <testcase name="createuser" time="0.0" classname="com.actitime.scripts.UserTest">
    <ignored/>
  </testcase> <!-- createuser -->
  <testcase name="deletetask" time="0.0" classname="com.actitime.scripts.CreateNewTaskTest">
    <ignored/>
  </testcase> <!-- deletetask -->
  <testcase name="createproject" time="0.0" classname="com.actitime.scripts.TaskTest">
    <ignored/>
  </testcase> <!-- createproject -->
  <testcase name="Deletecustomer" time="0.0" classname="com.actitime.scripts.TaskTest">
    <ignored/>
  </testcase> <!-- Deletecustomer -->
  <testcase name="createCustomer" time="0.0" classname="com.actitime.scripts.TaskTest">
    <ignored/>
  </testcase> <!-- createCustomer -->
  <testcase name="DeleteProject" time="0.0" classname="com.actitime.scripts.TaskTest">
    <ignored/>
  </testcase> <!-- DeleteProject -->
</testsuite> <!-- Test(failed) -->
